#
# There is insufficient memory for the Java Runtime Environment to continue.
# Native memory allocation (mmap) failed to map 65536 bytes for Failed to commit metaspace.
# Possible reasons:
#   The system is out of physical RAM or swap space
#   The process is running with CompressedOops enabled, and the Java Heap may be blocking the growth of the native heap
# Possible solutions:
#   Reduce memory load on the system
#   Increase physical memory or swap space
#   Check if swap backing store is full
#   Decrease Java heap size (-Xmx/-Xms)
#   Decrease number of Java threads
#   Decrease Java thread stack sizes (-Xss)
#   Set larger code cache with -XX:ReservedCodeCacheSize=
#   JVM is running with Unscaled Compressed Oops mode in which the Java heap is
#     placed in the first 4GB address space. The Java Heap base address is the
#     maximum limit for the native heap growth. Please use -XX:HeapBaseMinAddress
#     to set the Java Heap base and to place the Java Heap above 4GB virtual address.
# This output file may be truncated or incomplete.
#
#  Out of Memory Error (virtualSpaceNode.cpp:110), pid=10576, tid=9448
#
# JRE version: Java(TM) SE Runtime Environment (18.0.1.1+2) (build 18.0.1.1+2-6)
# Java VM: Java HotSpot(TM) 64-Bit Server VM (18.0.1.1+2-6, mixed mode, tiered, compressed oops, compressed class ptrs, g1 gc, windows-amd64)
# No core dump will be written. Minidumps are not enabled by default on client versions of Windows
#

---------------  S U M M A R Y ------------

Command Line: -Dclassworlds.conf=C:\Program Files\NetBeans-17\netbeans\java\maven\bin\m2.conf -Dmaven.home=C:\Program Files\NetBeans-17\netbeans\java\maven -Dlibrary.jansi.path=C:\Program Files\NetBeans-17\netbeans\java\maven\lib\jansi-native -Dmaven.multiModuleProjectDirectory=C:\Users\MINEDUCYT\Documents\NetBeansProjects\appweb org.codehaus.plexus.classworlds.launcher.Launcher -Dmaven.ext.class.path=C:\Program Files\NetBeans-17\netbeans\java\maven-nblib\netbeans-eventspy.jar --no-transfer-progress clean install

Host: Intel(R) Celeron(R) N5100 @ 1.10GHz, 4 cores, 3G,  Windows 11 , 64 bit Build 22621 (10.0.22621.3374)
Time: Mon May  6 09:21:50 2024 Hora estándar, América Central elapsed time: 2.075639 seconds (0d 0h 0m 2s)

---------------  T H R E A D  ---------------

Current thread (0x00000135e03a4880):  JavaThread "main" [_thread_in_vm, id=9448, stack(0x00000033d5900000,0x00000033d5a00000)]

Stack: [0x00000033d5900000,0x00000033d5a00000]
Native frames: (J=compiled Java code, j=interpreted, Vv=VM code, C=native code)
V  [jvm.dll+0x69887a]
V  [jvm.dll+0x7f38bd]
V  [jvm.dll+0x7f51ce]
V  [jvm.dll+0x7f5883]
V  [jvm.dll+0x25ca3f]
V  [jvm.dll+0x7ef5cb]
V  [jvm.dll+0x63ea76]
V  [jvm.dll+0x63eada]
V  [jvm.dll+0x64135e]
V  [jvm.dll+0x64121e]
V  [jvm.dll+0x63f43e]
V  [jvm.dll+0x649ab7]
V  [jvm.dll+0x202381]
V  [jvm.dll+0x2028b5]
V  [jvm.dll+0x2032ef]
V  [jvm.dll+0x1f8781]
V  [jvm.dll+0x55d685]
V  [jvm.dll+0x209637]
V  [jvm.dll+0x76cf6d]
V  [jvm.dll+0x76e2a6]
V  [jvm.dll+0x76e5d8]
V  [jvm.dll+0x254d46]
V  [jvm.dll+0x3a0d7e]
C  0x00000135e950b341

Java frames: (J=compiled Java code, j=interpreted, Vv=VM code)
j  java.util.concurrent.ConcurrentHashMap$EntryIterator.next()Ljava/util/Map$Entry;+37 java.base@18.0.1.1
j  java.util.concurrent.ConcurrentHashMap$EntryIterator.next()Ljava/lang/Object;+1 java.base@18.0.1.1
j  java.util.concurrent.ConcurrentHashMap.putAll(Ljava/util/Map;)V+32 java.base@18.0.1.1
j  java.util.Properties.putAll(Ljava/util/Map;)V+5 java.base@18.0.1.1
j  org.apache.maven.properties.internal.EnvironmentUtils.addEnvVars(Ljava/util/Properties;)V+147
j  org.apache.maven.cli.MavenCli.populateProperties(Lorg/apache/commons/cli/CommandLine;Ljava/util/Properties;Ljava/util/Properties;)V+1
j  org.apache.maven.cli.MavenCli.properties(Lorg/apache/maven/cli/CliRequest;)V+12
j  org.apache.maven.cli.MavenCli.doMain(Lorg/apache/maven/cli/CliRequest;)I+14
j  org.apache.maven.cli.MavenCli.main([Ljava/lang/String;Lorg/codehaus/plexus/classworlds/ClassWorld;)I+24
j  java.lang.invoke.DirectMethodHandle$Holder.invokeStatic(Ljava/lang/Object;Ljava/lang/Object;Ljava/lang/Object;)I+11 java.base@18.0.1.1
j  java.lang.invoke.LambdaForm$MH+0x0000000100081800.invoke(Ljava/lang/Object;Ljava/lang/Object;Ljava/lang/Object;Ljava/lang/Object;)Ljava/lang/Object;+54 java.base@18.0.1.1
j  java.lang.invoke.LambdaForm$MH+0x0000000100081c00.invokeExact_MT(Ljava/lang/Object;Ljava/lang/Object;Ljava/lang/Object;Ljava/lang/Object;Ljava/lang/Object;)Ljava/lang/Object;+22 java.base@18.0.1.1
j  jdk.internal.reflect.DirectMethodHandleAccessor.invokeImpl(Ljava/lang/Object;[Ljava/lang/Object;)Ljava/lang/Object;+72 java.base@18.0.1.1
j  jdk.internal.reflect.DirectMethodHandleAccessor.invoke(Ljava/lang/Object;[Ljava/lang/Object;)Ljava/lang/Object;+23 java.base@18.0.1.1
j  java.lang.reflect.Method.invoke(Ljava/lang/Object;[Ljava/lang/Object;)Ljava/lang/Object;+102 java.base@18.0.1.1
j  org.codehaus.plexus.classworlds.launcher.Launcher.launchEnhanced([Ljava/lang/String;)V+45
j  org.codehaus.plexus.classworlds.launcher.Launcher.launch([Ljava/lang/String;)V+2
j  org.codehaus.plexus.classworlds.launcher.Launcher.mainWithExitCode([Ljava/lang/String;)I+101
j  org.codehaus.plexus.classworlds.launcher.Launcher.main([Ljava/lang/String;)V+1
v  ~StubRoutines::call_stub

---------------  P R O C E S S  ---------------

Threads class SMR info:
_java_thread_list=0x000001358455c3d0, length=12, elements={
0x00000135e03a4880, 0x0000013580182010, 0x0000013580185330, 0x00000135801ae690,
0x00000135801aef40, 0x00000135801af8e0, 0x00000135801b0a20, 0x00000135801b3b00,
0x00000135801b90c0, 0x00000135801c51c0, 0x0000013584540440, 0x000001358455efc0
}

Java Threads: ( => current thread )
=>0x00000135e03a4880 JavaThread "main" [_thread_in_vm, id=9448, stack(0x00000033d5900000,0x00000033d5a00000)]
  0x0000013580182010 JavaThread "Reference Handler" daemon [_thread_blocked, id=16432, stack(0x00000033d6000000,0x00000033d6100000)]
  0x0000013580185330 JavaThread "Finalizer" daemon [_thread_blocked, id=13976, stack(0x00000033d6100000,0x00000033d6200000)]
  0x00000135801ae690 JavaThread "Signal Dispatcher" daemon [_thread_blocked, id=14876, stack(0x00000033d6200000,0x00000033d6300000)]
  0x00000135801aef40 JavaThread "Attach Listener" daemon [_thread_blocked, id=16912, stack(0x00000033d6300000,0x00000033d6400000)]
  0x00000135801af8e0 JavaThread "Service Thread" daemon [_thread_blocked, id=16236, stack(0x00000033d6400000,0x00000033d6500000)]
  0x00000135801b0a20 JavaThread "Monitor Deflation Thread" daemon [_thread_blocked, id=16216, stack(0x00000033d6500000,0x00000033d6600000)]
  0x00000135801b3b00 JavaThread "C2 CompilerThread0" daemon [_thread_blocked, id=16716, stack(0x00000033d6600000,0x00000033d6700000)]
  0x00000135801b90c0 JavaThread "C1 CompilerThread0" daemon [_thread_blocked, id=9060, stack(0x00000033d6700000,0x00000033d6800000)]
  0x00000135801c51c0 JavaThread "Sweeper thread" daemon [_thread_blocked, id=9436, stack(0x00000033d6800000,0x00000033d6900000)]
  0x0000013584540440 JavaThread "Notification Thread" daemon [_thread_blocked, id=13220, stack(0x00000033d6900000,0x00000033d6a00000)]
  0x000001358455efc0 JavaThread "Common-Cleaner" daemon [_thread_blocked, id=11136, stack(0x00000033d6b00000,0x00000033d6c00000)]

Other Threads:
  0x00000135e0446340 VMThread "VM Thread" [stack: 0x00000033d5f00000,0x00000033d6000000] [id=15908]
  0x0000013584552970 WatcherThread "VM Periodic Task Thread" [stack: 0x00000033d6a00000,0x00000033d6b00000] [id=15192]
  0x00000135e03e54f0 WorkerThread "GC Thread#0" [stack: 0x00000033d5a00000,0x00000033d5b00000] [id=14888]
  0x00000135e03edde0 ConcurrentGCThread "G1 Main Marker" [stack: 0x00000033d5b00000,0x00000033d5c00000] [id=13148]
  0x00000135e03ef7e0 WorkerThread "G1 Conc#0" [stack: 0x00000033d5c00000,0x00000033d5d00000] [id=17352]
  0x00000135e0417df0 ConcurrentGCThread "G1 Refine#0" [stack: 0x00000033d5d00000,0x00000033d5e00000] [id=10308]
  0x00000135e0418700 ConcurrentGCThread "G1 Service" [stack: 0x00000033d5e00000,0x00000033d5f00000] [id=7892]

Threads with active compile tasks:

VM state: not at safepoint (normal execution)

VM Mutex/Monitor currently owned by a thread:  ([mutex/lock_event])
[0x00000135e039f870] Metaspace_lock - owner thread: 0x00000135e03a4880

Heap address: 0x00000000c3200000, size: 974 MB, Compressed Oops mode: 32-bit

CDS archive(s) not mapped
Compressed class space mapped at: 0x0000000100000000-0x0000000140000000, reserved size: 1073741824
Narrow klass base: 0x0000000000000000, Narrow klass shift: 3, Narrow klass range: 0x140000000

GC Precious Log:
 CardTable entry size: 512
 Card Set container configuration: InlinePtr #cards 5 size 8 Array Of Cards #cards 12 size 40 Howl #buckets 4 coarsen threshold 1843 Howl Bitmap #cards 512 size 80 coarsen threshold 460 Card regions per heap region 1 cards per card region 2048
 CPUs: 4 total, 4 available
 Memory: 3892M
 Large Page Support: Disabled
 NUMA Support: Disabled
 Compressed Oops: Enabled (32-bit)
 Heap Region Size: 1M
 Heap Min Capacity: 8M
 Heap Initial Capacity: 62M
 Heap Max Capacity: 974M
 Pre-touch: Disabled
 Parallel Workers: 4
 Concurrent Workers: 1
 Concurrent Refinement Workers: 4
 Periodic GC: Disabled

Heap:
 garbage-first heap   total 63488K, used 3072K [0x00000000c3200000, 0x0000000100000000)
  region size 1024K, 5 young (5120K), 0 survivors (0K)
 Metaspace       used 7259K, committed 7424K, reserved 1114112K
  class space    used 602K, committed 704K, reserved 1048576K

Heap Regions: E=young(eden), S=young(survivor), O=old, HS=humongous(starts), HC=humongous(continues), CS=collection set, F=free, OA=open archive, CA=closed archive, TAMS=top-at-mark-start (previous, next)
|   0|0x00000000c3200000, 0x00000000c3200000, 0x00000000c3300000|  0%| F|  |TAMS 0x00000000c3200000, 0x00000000c3200000| Untracked 
|   1|0x00000000c3300000, 0x00000000c3300000, 0x00000000c3400000|  0%| F|  |TAMS 0x00000000c3300000, 0x00000000c3300000| Untracked 
|   2|0x00000000c3400000, 0x00000000c3400000, 0x00000000c3500000|  0%| F|  |TAMS 0x00000000c3400000, 0x00000000c3400000| Untracked 
|   3|0x00000000c3500000, 0x00000000c3500000, 0x00000000c3600000|  0%| F|  |TAMS 0x00000000c3500000, 0x00000000c3500000| Untracked 
|   4|0x00000000c3600000, 0x00000000c3600000, 0x00000000c3700000|  0%| F|  |TAMS 0x00000000c3600000, 0x00000000c3600000| Untracked 
|   5|0x00000000c3700000, 0x00000000c3700000, 0x00000000c3800000|  0%| F|  |TAMS 0x00000000c3700000, 0x00000000c3700000| Untracked 
|   6|0x00000000c3800000, 0x00000000c3800000, 0x00000000c3900000|  0%| F|  |TAMS 0x00000000c3800000, 0x00000000c3800000| Untracked 
|   7|0x00000000c3900000, 0x00000000c3900000, 0x00000000c3a00000|  0%| F|  |TAMS 0x00000000c3900000, 0x00000000c3900000| Untracked 
|   8|0x00000000c3a00000, 0x00000000c3a00000, 0x00000000c3b00000|  0%| F|  |TAMS 0x00000000c3a00000, 0x00000000c3a00000| Untracked 
|   9|0x00000000c3b00000, 0x00000000c3b00000, 0x00000000c3c00000|  0%| F|  |TAMS 0x00000000c3b00000, 0x00000000c3b00000| Untracked 
|  10|0x00000000c3c00000, 0x00000000c3c00000, 0x00000000c3d00000|  0%| F|  |TAMS 0x00000000c3c00000, 0x00000000c3c00000| Untracked 
|  11|0x00000000c3d00000, 0x00000000c3d00000, 0x00000000c3e00000|  0%| F|  |TAMS 0x00000000c3d00000, 0x00000000c3d00000| Untracked 
|  12|0x00000000c3e00000, 0x00000000c3e00000, 0x00000000c3f00000|  0%| F|  |TAMS 0x00000000c3e00000, 0x00000000c3e00000| Untracked 
|  13|0x00000000c3f00000, 0x00000000c3f00000, 0x00000000c4000000|  0%| F|  |TAMS 0x00000000c3f00000, 0x00000000c3f00000| Untracked 
|  14|0x00000000c4000000, 0x00000000c4000000, 0x00000000c4100000|  0%| F|  |TAMS 0x00000000c4000000, 0x00000000c4000000| Untracked 
|  15|0x00000000c4100000, 0x00000000c4100000, 0x00000000c4200000|  0%| F|  |TAMS 0x00000000c4100000, 0x00000000c4100000| Untracked 
|  16|0x00000000c4200000, 0x00000000c4200000, 0x00000000c4300000|  0%| F|  |TAMS 0x00000000c4200000, 0x00000000c4200000| Untracked 
|  17|0x00000000c4300000, 0x00000000c4300000, 0x00000000c4400000|  0%| F|  |TAMS 0x00000000c4300000, 0x00000000c4300000| Untracked 
|  18|0x00000000c4400000, 0x00000000c4400000, 0x00000000c4500000|  0%| F|  |TAMS 0x00000000c4400000, 0x00000000c4400000| Untracked 
|  19|0x00000000c4500000, 0x00000000c4500000, 0x00000000c4600000|  0%| F|  |TAMS 0x00000000c4500000, 0x00000000c4500000| Untracked 
|  20|0x00000000c4600000, 0x00000000c4600000, 0x00000000c4700000|  0%| F|  |TAMS 0x00000000c4600000, 0x00000000c4600000| Untracked 
|  21|0x00000000c4700000, 0x00000000c4700000, 0x00000000c4800000|  0%| F|  |TAMS 0x00000000c4700000, 0x00000000c4700000| Untracked 
|  22|0x00000000c4800000, 0x00000000c4800000, 0x00000000c4900000|  0%| F|  |TAMS 0x00000000c4800000, 0x00000000c4800000| Untracked 
|  23|0x00000000c4900000, 0x00000000c4900000, 0x00000000c4a00000|  0%| F|  |TAMS 0x00000000c4900000, 0x00000000c4900000| Untracked 
|  24|0x00000000c4a00000, 0x00000000c4a00000, 0x00000000c4b00000|  0%| F|  |TAMS 0x00000000c4a00000, 0x00000000c4a00000| Untracked 
|  25|0x00000000c4b00000, 0x00000000c4b00000, 0x00000000c4c00000|  0%| F|  |TAMS 0x00000000c4b00000, 0x00000000c4b00000| Untracked 
|  26|0x00000000c4c00000, 0x00000000c4c00000, 0x00000000c4d00000|  0%| F|  |TAMS 0x00000000c4c00000, 0x00000000c4c00000| Untracked 
|  27|0x00000000c4d00000, 0x00000000c4d00000, 0x00000000c4e00000|  0%| F|  |TAMS 0x00000000c4d00000, 0x00000000c4d00000| Untracked 
|  28|0x00000000c4e00000, 0x00000000c4e00000, 0x00000000c4f00000|  0%| F|  |TAMS 0x00000000c4e00000, 0x00000000c4e00000| Untracked 
|  29|0x00000000c4f00000, 0x00000000c4f00000, 0x00000000c5000000|  0%| F|  |TAMS 0x00000000c4f00000, 0x00000000c4f00000| Untracked 
|  30|0x00000000c5000000, 0x00000000c5000000, 0x00000000c5100000|  0%| F|  |TAMS 0x00000000c5000000, 0x00000000c5000000| Untracked 
|  31|0x00000000c5100000, 0x00000000c5100000, 0x00000000c5200000|  0%| F|  |TAMS 0x00000000c5100000, 0x00000000c5100000| Untracked 
|  32|0x00000000c5200000, 0x00000000c5200000, 0x00000000c5300000|  0%| F|  |TAMS 0x00000000c5200000, 0x00000000c5200000| Untracked 
|  33|0x00000000c5300000, 0x00000000c5300000, 0x00000000c5400000|  0%| F|  |TAMS 0x00000000c5300000, 0x00000000c5300000| Untracked 
|  34|0x00000000c5400000, 0x00000000c5400000, 0x00000000c5500000|  0%| F|  |TAMS 0x00000000c5400000, 0x00000000c5400000| Untracked 
|  35|0x00000000c5500000, 0x00000000c5500000, 0x00000000c5600000|  0%| F|  |TAMS 0x00000000c5500000, 0x00000000c5500000| Untracked 
|  36|0x00000000c5600000, 0x00000000c5600000, 0x00000000c5700000|  0%| F|  |TAMS 0x00000000c5600000, 0x00000000c5600000| Untracked 
|  37|0x00000000c5700000, 0x00000000c5700000, 0x00000000c5800000|  0%| F|  |TAMS 0x00000000c5700000, 0x00000000c5700000| Untracked 
|  38|0x00000000c5800000, 0x00000000c5800000, 0x00000000c5900000|  0%| F|  |TAMS 0x00000000c5800000, 0x00000000c5800000| Untracked 
|  39|0x00000000c5900000, 0x00000000c5900000, 0x00000000c5a00000|  0%| F|  |TAMS 0x00000000c5900000, 0x00000000c5900000| Untracked 
|  40|0x00000000c5a00000, 0x00000000c5a00000, 0x00000000c5b00000|  0%| F|  |TAMS 0x00000000c5a00000, 0x00000000c5a00000| Untracked 
|  41|0x00000000c5b00000, 0x00000000c5b00000, 0x00000000c5c00000|  0%| F|  |TAMS 0x00000000c5b00000, 0x00000000c5b00000| Untracked 
|  42|0x00000000c5c00000, 0x00000000c5c00000, 0x00000000c5d00000|  0%| F|  |TAMS 0x00000000c5c00000, 0x00000000c5c00000| Untracked 
|  43|0x00000000c5d00000, 0x00000000c5d00000, 0x00000000c5e00000|  0%| F|  |TAMS 0x00000000c5d00000, 0x00000000c5d00000| Untracked 
|  44|0x00000000c5e00000, 0x00000000c5e00000, 0x00000000c5f00000|  0%| F|  |TAMS 0x00000000c5e00000, 0x00000000c5e00000| Untracked 
|  45|0x00000000c5f00000, 0x00000000c5f00000, 0x00000000c6000000|  0%| F|  |TAMS 0x00000000c5f00000, 0x00000000c5f00000| Untracked 
|  46|0x00000000c6000000, 0x00000000c6000000, 0x00000000c6100000|  0%| F|  |TAMS 0x00000000c6000000, 0x00000000c6000000| Untracked 
|  47|0x00000000c6100000, 0x00000000c6100000, 0x00000000c6200000|  0%| F|  |TAMS 0x00000000c6100000, 0x00000000c6100000| Untracked 
|  48|0x00000000c6200000, 0x00000000c6200000, 0x00000000c6300000|  0%| F|  |TAMS 0x00000000c6200000, 0x00000000c6200000| Untracked 
|  49|0x00000000c6300000, 0x00000000c6300000, 0x00000000c6400000|  0%| F|  |TAMS 0x00000000c6300000, 0x00000000c6300000| Untracked 
|  50|0x00000000c6400000, 0x00000000c6400000, 0x00000000c6500000|  0%| F|  |TAMS 0x00000000c6400000, 0x00000000c6400000| Untracked 
|  51|0x00000000c6500000, 0x00000000c6500000, 0x00000000c6600000|  0%| F|  |TAMS 0x00000000c6500000, 0x00000000c6500000| Untracked 
|  52|0x00000000c6600000, 0x00000000c6600000, 0x00000000c6700000|  0%| F|  |TAMS 0x00000000c6600000, 0x00000000c6600000| Untracked 
|  53|0x00000000c6700000, 0x00000000c6700000, 0x00000000c6800000|  0%| F|  |TAMS 0x00000000c6700000, 0x00000000c6700000| Untracked 
|  54|0x00000000c6800000, 0x00000000c6800000, 0x00000000c6900000|  0%| F|  |TAMS 0x00000000c6800000, 0x00000000c6800000| Untracked 
|  55|0x00000000c6900000, 0x00000000c6900000, 0x00000000c6a00000|  0%| F|  |TAMS 0x00000000c6900000, 0x00000000c6900000| Untracked 
|  56|0x00000000c6a00000, 0x00000000c6a00000, 0x00000000c6b00000|  0%| F|  |TAMS 0x00000000c6a00000, 0x00000000c6a00000| Untracked 
|  57|0x00000000c6b00000, 0x00000000c6b85ab0, 0x00000000c6c00000| 52%| E|  |TAMS 0x00000000c6b00000, 0x00000000c6b00000| Complete 
|  58|0x00000000c6c00000, 0x00000000c6d00000, 0x00000000c6d00000|100%| E|CS|TAMS 0x00000000c6c00000, 0x00000000c6c00000| Complete 
|  59|0x00000000c6d00000, 0x00000000c6e00000, 0x00000000c6e00000|100%| E|CS|TAMS 0x00000000c6d00000, 0x00000000c6d00000| Complete 
|  60|0x00000000c6e00000, 0x00000000c6f00000, 0x00000000c6f00000|100%| E|  |TAMS 0x00000000c6e00000, 0x00000000c6e00000| Complete 
|  61|0x00000000c6f00000, 0x00000000c7000000, 0x00000000c7000000|100%| E|CS|TAMS 0x00000000c6f00000, 0x00000000c6f00000| Complete 

Card table byte_map: [0x00000135f8d00000,0x00000135f8ef0000] _byte_map_base: 0x00000135f86e7000

Marking Bits (Prev, Next): (CMBitMap*) 0x00000135e03e5af0, (CMBitMap*) 0x00000135e03e5b30
 Prev Bits: [0x00000135f90e0000, 0x00000135fa018000)
 Next Bits: [0x00000135fa020000, 0x00000135faf58000)

Polling page: 0x00000135e0240000

Metaspace:

Usage:
  Non-class:      6.50 MB used.
      Class:    602.95 KB used.
       Both:      7.09 MB used.

Virtual space:
  Non-class space:       64.00 MB reserved,       6.56 MB ( 10%) committed,  1 nodes.
      Class space:        1.00 GB reserved,     704.00 KB ( <1%) committed,  1 nodes.
             Both:        1.06 GB reserved,       7.25 MB ( <1%) committed. 

Chunk freelists:
   Non-Class:  816.00 KB
       Class:  3.20 MB
        Both:  4.00 MB

MaxMetaspaceSize: unlimited
CompressedClassSpaceSize: 1.00 GB
Initial GC threshold: 21.00 MB
Current GC threshold: 21.00 MB
CDS: off
MetaspaceReclaimPolicy: balanced
 - commit_granule_bytes: 65536.
 - commit_granule_words: 8192.
 - virtual_space_node_default_size: 8388608.
 - enlarge_chunks_in_place: 1.
 - new_chunks_are_fully_committed: 0.
 - uncommit_free_chunks: 1.
 - use_allocation_guard: 0.


Internal statistics:

num_allocs_failed_limit: 0.
num_arena_births: 22.
num_arena_deaths: 0.
num_vsnodes_births: 2.
num_vsnodes_deaths: 0.
num_space_committed: 116.
num_space_uncommitted: 0.
num_chunks_returned_to_freelist: 0.
num_chunks_taken_from_freelist: 58.
num_chunk_merges: 0.
num_chunk_splits: 35.
num_chunks_enlarged: 26.
num_inconsistent_stats: 0.

CodeHeap 'non-profiled nmethods': size=120000Kb used=101Kb max_used=101Kb free=119898Kb
 bounds [0x00000135f0fc0000, 0x00000135f1230000, 0x00000135f84f0000]
CodeHeap 'profiled nmethods': size=120000Kb used=508Kb max_used=508Kb free=119491Kb
 bounds [0x00000135e9a90000, 0x00000135e9d00000, 0x00000135f0fc0000]
CodeHeap 'non-nmethods': size=5760Kb used=1112Kb max_used=1125Kb free=4647Kb
 bounds [0x00000135e94f0000, 0x00000135e9760000, 0x00000135e9a90000]
 total_blobs=744 nmethods=364 adapters=294
 compilation: enabled
              stopped_count=0, restarted_count=0
 full_count=0

Compilation events (20 events):
Event: 2.045 Thread 0x00000135801b90c0  356       3       java.io.WinNTFileSystem::prefixLength (91 bytes)
Event: 2.047 Thread 0x00000135801b90c0 nmethod 356 0x00000135e9b0a410 code [0x00000135e9b0a720, 0x00000135e9b0bb38]
Event: 2.049 Thread 0x00000135801b3b00  357       4       java.util.concurrent.ConcurrentHashMap::tabAt (22 bytes)
Event: 2.049 Thread 0x00000135801b90c0  358       3       java.lang.ClassLoader::getClassLoadingLock (35 bytes)
Event: 2.050 Thread 0x00000135801b90c0 nmethod 358 0x00000135e9b0c210 code [0x00000135e9b0c3c0, 0x00000135e9b0c6c8]
Event: 2.050 Thread 0x00000135801b90c0  359   !   3       jdk.internal.loader.BuiltinClassLoader::loadClassOrNull (143 bytes)
Event: 2.050 Thread 0x00000135801b3b00 nmethod 357 0x00000135f0fd8e10 code [0x00000135f0fd8f80, 0x00000135f0fd8fd8]
Event: 2.052 Thread 0x00000135801b90c0 nmethod 359 0x00000135e9b0c810 code [0x00000135e9b0cac0, 0x00000135e9b0da28]
Event: 2.055 Thread 0x00000135801b90c0  360       3       java.util.WeakHashMap::getTable (9 bytes)
Event: 2.055 Thread 0x00000135801b90c0 nmethod 360 0x00000135e9b0e090 code [0x00000135e9b0e220, 0x00000135e9b0e368]
Event: 2.055 Thread 0x00000135801b90c0  361       3       java.util.WeakHashMap::indexFor (6 bytes)
Event: 2.055 Thread 0x00000135801b90c0 nmethod 361 0x00000135e9b0e410 code [0x00000135e9b0e5a0, 0x00000135e9b0e698]
Event: 2.059 Thread 0x00000135801b90c0  362       3       java.util.zip.Inflater::ensureOpen (47 bytes)
Event: 2.059 Thread 0x00000135801b90c0 nmethod 362 0x00000135e9b0e710 code [0x00000135e9b0e8c0, 0x00000135e9b0eb08]
Event: 2.062 Thread 0x00000135801b3b00  363       4       java.lang.CharacterDataLatin1::getProperties (11 bytes)
Event: 2.063 Thread 0x00000135801b90c0  364       3       java.lang.CharacterDataLatin1::toUpperCaseEx (71 bytes)
Event: 2.063 Thread 0x00000135801b90c0 nmethod 364 0x00000135e9b0ec10 code [0x00000135e9b0edc0, 0x00000135e9b0f098]
Event: 2.063 Thread 0x00000135801b3b00 nmethod 363 0x00000135f0fd9110 code [0x00000135f0fd9280, 0x00000135f0fd9318]
Event: 2.064 Thread 0x00000135801b3b00  365       4       jdk.internal.misc.Unsafe::putReferenceRelease (9 bytes)
Event: 2.066 Thread 0x00000135801b3b00 nmethod 365 0x00000135f0fd9410 code [0x00000135f0fd9580, 0x00000135f0fd96b8]

GC Heap History (0 events):
No events

Deoptimization events (4 events):
Event: 1.449 Thread 0x00000135e03a4880 Uncommon trap: trap_request=0xffffff45 fr.pc=0x00000135f0fca4e4 relative=0x0000000000000064
Event: 1.449 Thread 0x00000135e03a4880 Uncommon trap: reason=unstable_if action=reinterpret pc=0x00000135f0fca4e4 method=java.io.WinNTFileSystem.isSlash(C)Z @ 9 c2
Event: 1.449 Thread 0x00000135e03a4880 DEOPT PACKING pc=0x00000135f0fca4e4 sp=0x00000033d59fe890
Event: 1.449 Thread 0x00000135e03a4880 DEOPT UNPACKING pc=0x00000135e954239d sp=0x00000033d59fe818 mode 2

Classes loaded (20 events):
Event: 2.053 Loading class java/util/AbstractList$ListItr done
Event: 2.053 Loading class java/util/LinkedList$Node
Event: 2.053 Loading class java/util/LinkedList$Node done
Event: 2.061 Loading class java/util/Collections$UnmodifiableMap$UnmodifiableEntrySet
Event: 2.061 Loading class java/util/Collections$UnmodifiableMap$UnmodifiableEntrySet done
Event: 2.061 Loading class java/util/Collections$UnmodifiableMap$UnmodifiableEntrySet$1
Event: 2.062 Loading class java/util/Collections$UnmodifiableMap$UnmodifiableEntrySet$1 done
Event: 2.062 Loading class java/util/Collections$UnmodifiableMap$UnmodifiableEntrySet$UnmodifiableEntry
Event: 2.062 Loading class java/util/Collections$UnmodifiableMap$UnmodifiableEntrySet$UnmodifiableEntry done
Event: 2.064 Loading class java/util/Properties$EntrySet
Event: 2.064 Loading class java/util/Properties$EntrySet done
Event: 2.064 Loading class java/util/concurrent/ConcurrentHashMap$EntrySetView
Event: 2.065 Loading class java/util/concurrent/ConcurrentHashMap$EntrySetView done
Event: 2.065 Loading class java/util/Collections$SynchronizedSet
Event: 2.067 Loading class java/util/Collections$SynchronizedCollection
Event: 2.068 Loading class java/util/Collections$SynchronizedCollection done
Event: 2.068 Loading class java/util/Collections$SynchronizedSet done
Event: 2.069 Loading class java/util/concurrent/ConcurrentHashMap$EntryIterator
Event: 2.069 Loading class java/util/concurrent/ConcurrentHashMap$EntryIterator done
Event: 2.069 Loading class java/util/concurrent/ConcurrentHashMap$MapEntry

Classes unloaded (0 events):
No events

Classes redefined (0 events):
No events

Internal exceptions (10 events):
Event: 1.614 Thread 0x00000135e03a4880 Exception <a 'java/lang/NoSuchMethodError'{0x00000000c6c36d78}: 'java.lang.Object java.lang.invoke.Invokers$Holder.invokeExact_MT(java.lang.Object, java.lang.Object, java.lang.Object, java.lang.Object, java.lang.Object)'> (0x00000000c6c36d78) 
thrown [s\open\src\hotspot\share\interpreter\linkResolver.cpp, line 766]
Event: 1.703 Thread 0x00000135e03a4880 Exception <a 'java/lang/NullPointerException'{0x00000000c6c8eeb0}> (0x00000000c6c8eeb0) 
thrown [s\open\src\hotspot\share\interpreter\linkResolver.cpp, line 1357]
Event: 1.982 Thread 0x00000135e03a4880 Exception <a 'java/lang/NullPointerException'{0x00000000c6cbc9e0}> (0x00000000c6cbc9e0) 
thrown [s\open\src\hotspot\share\interpreter\linkResolver.cpp, line 1357]
Event: 1.982 Thread 0x00000135e03a4880 Exception <a 'java/lang/NullPointerException'{0x00000000c6cbccb8}> (0x00000000c6cbccb8) 
thrown [s\open\src\hotspot\share\interpreter\linkResolver.cpp, line 1357]
Event: 1.982 Thread 0x00000135e03a4880 Exception <a 'java/lang/NullPointerException'{0x00000000c6cbcf90}> (0x00000000c6cbcf90) 
thrown [s\open\src\hotspot\share\interpreter\linkResolver.cpp, line 1357]
Event: 1.986 Thread 0x00000135e03a4880 Exception <a 'java/lang/NullPointerException'{0x00000000c6cc21a0}> (0x00000000c6cc21a0) 
thrown [s\open\src\hotspot\share\interpreter\linkResolver.cpp, line 1357]
Event: 1.993 Thread 0x00000135e03a4880 Exception <a 'java/lang/NullPointerException'{0x00000000c6cd7090}> (0x00000000c6cd7090) 
thrown [s\open\src\hotspot\share\interpreter\linkResolver.cpp, line 1357]
Event: 1.993 Thread 0x00000135e03a4880 Exception <a 'java/lang/NullPointerException'{0x00000000c6cd7368}> (0x00000000c6cd7368) 
thrown [s\open\src\hotspot\share\interpreter\linkResolver.cpp, line 1357]
Event: 1.993 Thread 0x00000135e03a4880 Exception <a 'java/lang/NullPointerException'{0x00000000c6cd7640}> (0x00000000c6cd7640) 
thrown [s\open\src\hotspot\share\interpreter\linkResolver.cpp, line 1357]
Event: 1.993 Thread 0x00000135e03a4880 Exception <a 'java/lang/NullPointerException'{0x00000000c6cd7918}> (0x00000000c6cd7918) 
thrown [s\open\src\hotspot\share\interpreter\linkResolver.cpp, line 1357]

VM Operations (8 events):
Event: 0.668 Executing VM operation: HandshakeAllThreads
Event: 0.668 Executing VM operation: HandshakeAllThreads done
Event: 1.678 Executing VM operation: Cleanup
Event: 1.696 Executing VM operation: Cleanup done
Event: 1.699 Executing VM operation: HandshakeAllThreads
Event: 1.699 Executing VM operation: HandshakeAllThreads done
Event: 1.770 Executing VM operation: HandshakeAllThreads
Event: 1.770 Executing VM operation: HandshakeAllThreads done

Events (20 events):
Event: 0.063 Loaded shared library C:\Program Files\Java\jdk-18.0.1.1\bin\java.dll
Event: 0.222 Loaded shared library C:\Program Files\Java\jdk-18.0.1.1\bin\jsvml.dll
Event: 0.223 Thread 0x00000135e03a4880 Thread added: 0x00000135e03a4880
Event: 0.268 Thread 0x0000013580182010 Thread added: 0x0000013580182010
Event: 0.269 Thread 0x0000013580185330 Thread added: 0x0000013580185330
Event: 0.381 Thread 0x00000135801ae690 Thread added: 0x00000135801ae690
Event: 0.381 Thread 0x00000135801aef40 Thread added: 0x00000135801aef40
Event: 0.381 Thread 0x00000135801af8e0 Thread added: 0x00000135801af8e0
Event: 0.381 Thread 0x00000135801b0a20 Thread added: 0x00000135801b0a20
Event: 0.381 Thread 0x00000135801b3b00 Thread added: 0x00000135801b3b00
Event: 0.382 Thread 0x00000135801b90c0 Thread added: 0x00000135801b90c0
Event: 0.382 Thread 0x00000135801c51c0 Thread added: 0x00000135801c51c0
Event: 0.504 Thread 0x0000013584540440 Thread added: 0x0000013584540440
Event: 0.552 Thread 0x000001358455efc0 Thread added: 0x000001358455efc0
Event: 0.607 Loaded shared library C:\Program Files\Java\jdk-18.0.1.1\bin\net.dll
Event: 0.619 Loaded shared library C:\Program Files\Java\jdk-18.0.1.1\bin\nio.dll
Event: 0.664 Loaded shared library C:\Program Files\Java\jdk-18.0.1.1\bin\zip.dll
Event: 1.733 Loaded shared library C:\Program Files\Java\jdk-18.0.1.1\bin\jimage.dll
Event: 1.978 Loaded shared library C:\Program Files\NetBeans-17\netbeans\java\maven\lib\jansi-native\Windows\x86_64\jansi.dll
Event: 2.012 Loaded shared library C:\Program Files\Java\jdk-18.0.1.1\bin\verify.dll


Dynamic libraries:
0x00007ff682fe0000 - 0x00007ff682ff0000 	C:\Program Files\Java\jdk-18.0.1.1\bin\java.exe
0x00007ff897e50000 - 0x00007ff898066000 	C:\WINDOWS\SYSTEM32\ntdll.dll
0x00007ff896c80000 - 0x00007ff896d44000 	C:\WINDOWS\System32\KERNEL32.DLL
0x00007ff895680000 - 0x00007ff895a27000 	C:\WINDOWS\System32\KERNELBASE.dll
0x00007ff895370000 - 0x00007ff895481000 	C:\WINDOWS\System32\ucrtbase.dll
0x00007ff88ff60000 - 0x00007ff88ff7a000 	C:\Program Files\Java\jdk-18.0.1.1\bin\VCRUNTIME140.dll
0x00007ff882250000 - 0x00007ff882268000 	C:\Program Files\Java\jdk-18.0.1.1\bin\jli.dll
0x00007ff897480000 - 0x00007ff897532000 	C:\WINDOWS\System32\ADVAPI32.dll
0x00007ff896900000 - 0x00007ff8969a7000 	C:\WINDOWS\System32\msvcrt.dll
0x00007ff896d50000 - 0x00007ff896df8000 	C:\WINDOWS\System32\sechost.dll
0x00007ff8951e0000 - 0x00007ff895208000 	C:\WINDOWS\System32\bcrypt.dll
0x00007ff896700000 - 0x00007ff896815000 	C:\WINDOWS\System32\RPCRT4.dll
0x00007ff896140000 - 0x00007ff8962ee000 	C:\WINDOWS\System32\USER32.dll
0x00007ff895b50000 - 0x00007ff895b76000 	C:\WINDOWS\System32\win32u.dll
0x00007ff8969b0000 - 0x00007ff8969d9000 	C:\WINDOWS\System32\GDI32.dll
0x00007ff895a30000 - 0x00007ff895b49000 	C:\WINDOWS\System32\gdi32full.dll
0x00007ff8952d0000 - 0x00007ff89536a000 	C:\WINDOWS\System32\msvcp_win.dll
0x00007ff8842b0000 - 0x00007ff884543000 	C:\WINDOWS\WinSxS\amd64_microsoft.windows.common-controls_6595b64144ccf1df_6.0.22621.3235_none_270f74e173860f98\COMCTL32.dll
0x00007ff88c850000 - 0x00007ff88c85a000 	C:\WINDOWS\SYSTEM32\VERSION.dll
0x00007ff897540000 - 0x00007ff897571000 	C:\WINDOWS\System32\IMM32.DLL
0x00007ff891e40000 - 0x00007ff891e4c000 	C:\Program Files\Java\jdk-18.0.1.1\bin\vcruntime140_1.dll
0x00007ff8813f0000 - 0x00007ff88147d000 	C:\Program Files\Java\jdk-18.0.1.1\bin\msvcp140.dll
0x00007ff82f390000 - 0x00007ff82ffa0000 	C:\Program Files\Java\jdk-18.0.1.1\bin\server\jvm.dll
0x00007ff897580000 - 0x00007ff897588000 	C:\WINDOWS\System32\PSAPI.DLL
0x00007ff85fe40000 - 0x00007ff85fe49000 	C:\WINDOWS\SYSTEM32\WSOCK32.dll
0x00007ff896f00000 - 0x00007ff896f71000 	C:\WINDOWS\System32\WS2_32.dll
0x00007ff88cbf0000 - 0x00007ff88cc24000 	C:\WINDOWS\SYSTEM32\WINMM.dll
0x00007ff894170000 - 0x00007ff894188000 	C:\WINDOWS\SYSTEM32\kernel.appcore.dll
0x00007ff88fff0000 - 0x00007ff88fffa000 	C:\Program Files\Java\jdk-18.0.1.1\bin\jimage.dll
0x00007ff8929d0000 - 0x00007ff892c03000 	C:\WINDOWS\SYSTEM32\DBGHELP.DLL
0x00007ff896f90000 - 0x00007ff897318000 	C:\WINDOWS\System32\combase.dll
0x00007ff896820000 - 0x00007ff8968f7000 	C:\WINDOWS\System32\OLEAUT32.dll
0x00007ff8824f0000 - 0x00007ff882522000 	C:\WINDOWS\SYSTEM32\dbgcore.DLL
0x00007ff895600000 - 0x00007ff895679000 	C:\WINDOWS\System32\bcryptPrimitives.dll
0x00007ff885730000 - 0x00007ff885755000 	C:\Program Files\Java\jdk-18.0.1.1\bin\java.dll
0x00007ff881480000 - 0x00007ff881556000 	C:\Program Files\Java\jdk-18.0.1.1\bin\jsvml.dll
0x00007ff8975b0000 - 0x00007ff897e0c000 	C:\WINDOWS\System32\SHELL32.dll
0x00007ff893080000 - 0x00007ff893979000 	C:\WINDOWS\SYSTEM32\windows.storage.dll
0x00007ff892f40000 - 0x00007ff89307e000 	C:\WINDOWS\SYSTEM32\wintypes.dll
0x00007ff896e00000 - 0x00007ff896ef3000 	C:\WINDOWS\System32\SHCORE.dll
0x00007ff895c10000 - 0x00007ff895c6e000 	C:\WINDOWS\System32\shlwapi.dll
0x00007ff8950a0000 - 0x00007ff8950c1000 	C:\WINDOWS\SYSTEM32\profapi.dll
0x00007ff88ff40000 - 0x00007ff88ff53000 	C:\Program Files\Java\jdk-18.0.1.1\bin\net.dll
0x00007ff88ce60000 - 0x00007ff88cf96000 	C:\WINDOWS\SYSTEM32\WINHTTP.dll
0x00007ff8945d0000 - 0x00007ff894639000 	C:\WINDOWS\system32\mswsock.dll
0x00007ff88fe70000 - 0x00007ff88fe86000 	C:\Program Files\Java\jdk-18.0.1.1\bin\nio.dll
0x00007ff884f30000 - 0x00007ff884f48000 	C:\Program Files\Java\jdk-18.0.1.1\bin\zip.dll
0x0000000069ac0000 - 0x0000000069ae4000 	C:\Program Files\NetBeans-17\netbeans\java\maven\lib\jansi-native\Windows\x86_64\jansi.dll
0x00007ff88d890000 - 0x00007ff88d8a0000 	C:\Program Files\Java\jdk-18.0.1.1\bin\verify.dll

dbghelp: loaded successfully - version: 4.0.5 - missing functions: none
symbol engine: initialized successfully - sym options: 0x614 - pdb path: .;C:\Program Files\Java\jdk-18.0.1.1\bin;C:\WINDOWS\SYSTEM32;C:\WINDOWS\WinSxS\amd64_microsoft.windows.common-controls_6595b64144ccf1df_6.0.22621.3235_none_270f74e173860f98;C:\Program Files\Java\jdk-18.0.1.1\bin\server;C:\Program Files\NetBeans-17\netbeans\java\maven\lib\jansi-native\Windows\x86_64

VM Arguments:
jvm_args: -Dclassworlds.conf=C:\Program Files\NetBeans-17\netbeans\java\maven\bin\m2.conf -Dmaven.home=C:\Program Files\NetBeans-17\netbeans\java\maven -Dlibrary.jansi.path=C:\Program Files\NetBeans-17\netbeans\java\maven\lib\jansi-native -Dmaven.multiModuleProjectDirectory=C:\Users\MINEDUCYT\Documents\NetBeansProjects\appweb 
java_command: org.codehaus.plexus.classworlds.launcher.Launcher -Dmaven.ext.class.path=C:\Program Files\NetBeans-17\netbeans\java\maven-nblib\netbeans-eventspy.jar --no-transfer-progress clean install
java_class_path (initial): C:\Program Files\NetBeans-17\netbeans\java\maven\boot\plexus-classworlds-2.6.0.jar
Launcher Type: SUN_STANDARD

[Global flags]
     intx CICompilerCount                          = 3                                         {product} {ergonomic}
     uint ConcGCThreads                            = 1                                         {product} {ergonomic}
     uint G1ConcRefinementThreads                  = 4                                         {product} {ergonomic}
   size_t G1HeapRegionSize                         = 1048576                                   {product} {ergonomic}
    uintx GCDrainStackTargetSize                   = 64                                        {product} {ergonomic}
   size_t InitialHeapSize                          = 65011712                                  {product} {ergonomic}
   size_t MarkStackSize                            = 4194304                                   {product} {ergonomic}
   size_t MaxHeapSize                              = 1021313024                                {product} {ergonomic}
   size_t MaxNewSize                               = 612368384                                 {product} {ergonomic}
   size_t MinHeapDeltaBytes                        = 1048576                                   {product} {ergonomic}
   size_t MinHeapSize                              = 8388608                                   {product} {ergonomic}
    uintx NonNMethodCodeHeapSize                   = 5832780                                {pd product} {ergonomic}
    uintx NonProfiledCodeHeapSize                  = 122912730                              {pd product} {ergonomic}
    uintx ProfiledCodeHeapSize                     = 122912730                              {pd product} {ergonomic}
    uintx ReservedCodeCacheSize                    = 251658240                              {pd product} {ergonomic}
     bool SegmentedCodeCache                       = true                                      {product} {ergonomic}
   size_t SoftMaxHeapSize                          = 1021313024                             {manageable} {ergonomic}
     bool UseCompressedClassPointers               = true                           {product lp64_product} {ergonomic}
     bool UseCompressedOops                        = true                           {product lp64_product} {ergonomic}
     bool UseG1GC                                  = true                                      {product} {ergonomic}
     bool UseLargePagesIndividualAllocation        = false                                  {pd product} {ergonomic}

Logging:
Log output configuration:
 #0: stdout all=warning uptime,level,tags foldmultilines=false
 #1: stderr all=off uptime,level,tags foldmultilines=false

Environment Variables:
JAVA_HOME=C:\Program Files\Java\jdk-18.0.1.1
PATH=C:\TDM-GCC-64\bin;C:\Users\MINEDUCYT\AppData\Local\Programs\Python\Python311\Scripts\;C:\Users\MINEDUCYT\AppData\Local\Programs\Python\Python311\;C:\Users\MINEDUCYT\AppData\Local\Microsoft\WindowsApps;C:\Program Files\Azure Data Studio\bin;C:\Users\MINEDUCYT\Desktop\bin;C:\Users\MINEDUCYT\Desktop\__installer\bin;C:\Users\MINEDUCYT\AppData\Local\Programs\Microsoft VS Code\bin;C:\Users\MINEDUCYT\AppData\Roaming\npm;C:\Program Files\Java\jdk-17\bin;C:\Program Files\MAVEN\apache-maven-3.9.6\bin;
USERNAME=MINEDUCYT
OS=Windows_NT
PROCESSOR_IDENTIFIER=Intel64 Family 6 Model 156 Stepping 0, GenuineIntel



---------------  S Y S T E M  ---------------

OS:
 Windows 11 , 64 bit Build 22621 (10.0.22621.3374)
OS uptime: 0 days 3:53 hours
Hyper-V role detected

CPU: total 4 (initial active 4) (4 cores per cpu, 1 threads per core) family 6 model 156 stepping 0 microcode 0x24000026, cx8, cmov, fxsr, mmx, 3dnowpref, sse, sse2, sse3, ssse3, sse4.1, sse4.2, popcnt, tsc, tscinvbit, aes, erms, clmul, sha, clflush, clflushopt, clwb, hv

Memory: 4k page, system-wide physical 3892M (182M free)
TotalPageFile size 15611M (AvailPageFile size 0M)
current process WorkingSet (physical memory assigned to process): 37M, peak: 37M
current process commit charge ("private bytes"): 132M, peak: 132M

vm_info: Java HotSpot(TM) 64-Bit Server VM (18.0.1.1+2-6) for windows-amd64 JRE (18.0.1.1+2-6), built on Apr 25 2022 21:53:15 by "mach5one" with MS VC++ 16.8 / 16.9 (VS2019)

END.
